<?xml version="1.0" encoding="UTF-8"?>
<testsuite name="CalculadoraTest" tests="6" skipped="0" failures="0" errors="0" timestamp="2021-11-08T14:21:02" hostname="DESKTOP-VLQBU5O" time="0.055">
  <properties/>
  <testcase name="multiplicacao()" classname="CalculadoraTest" time="0.034"/>
  <testcase name="soma()" classname="CalculadoraTest" time="0.002"/>
  <testcase name="subtracao()" classname="CalculadoraTest" time="0.002"/>
  <testcase name="potencia()" classname="CalculadoraTest" time="0.005"/>
  <testcase name="divisao()" classname="CalculadoraTest" time="0.001"/>
  <testcase name="raizQuadrada()" classname="CalculadoraTest" time="0.003"/>
  <system-out><![CDATA[]]></system-out>
  <system-err><![CDATA[]]></system-err>
</testsuite>
